  random.cpp
  saslprep.cpp
  sha256.cpp
  sha384.cpp
  sha512.cpp
  unicode_norm.cpp
  pdfannotation.cpp
  pdfbarcode.cpp
C:\wx-3.2.6\include\msvc\wx\setup.h(142,10): error C1083: Cannot open include file: '../../../lib/vc14x_lib/mswud/wx/setup.h': No such file or directory
  (compiling source file '../src/pdfannotation.cpp')
  
C:\wx-3.2.6\include\msvc\wx\setup.h(142,10): error C1083: Cannot open include file: '../../../lib/vc14x_lib/mswud/wx/setup.h': No such file or directory
  (compiling source file '../src/pdfbarcode.cpp')
  
  pdfbarcodezint.cpp
C:\wx-3.2.6\include\msvc\wx\setup.h(142,10): error C1083: Cannot open include file: '../../../lib/vc14x_lib/mswud/wx/setup.h': No such file or directory
  (compiling source file '../src/pdfbarcodezint.cpp')
  
  pdfcffdecoder.cpp
C:\wx-3.2.6\include\msvc\wx\setup.h(142,10): error C1083: Cannot open include file: '../../../lib/vc14x_lib/mswud/wx/setup.h': No such file or directory
  (compiling source file '../src/pdfcffdecoder.cpp')
  
  pdfcffindex.cpp
C:\wx-3.2.6\include\msvc\wx\setup.h(142,10): error C1083: Cannot open include file: '../../../lib/vc14x_lib/mswud/wx/setup.h': No such file or directory
  (compiling source file '../src/pdfcffindex.cpp')
  
  pdfcolour.cpp
C:\wx-3.2.6\include\msvc\wx\setup.h(142,10): error C1083: Cannot open include file: '../../../lib/vc14x_lib/mswud/wx/setup.h': No such file or directory
  (compiling source file '../src/pdfcolour.cpp')
  
  pdfdc.cpp
C:\wx-3.2.6\include\msvc\wx\setup.h(142,10): error C1083: Cannot open include file: '../../../lib/vc14x_lib/mswud/wx/setup.h': No such file or directory
  (compiling source file '../src/pdfdc.cpp')
  
  pdfdecode.cpp
C:\wx-3.2.6\include\msvc\wx\setup.h(142,10): error C1083: Cannot open include file: '../../../lib/vc14x_lib/mswud/wx/setup.h': No such file or directory
  (compiling source file '../src/pdfdecode.cpp')
  
  pdfdocument.cpp
C:\wx-3.2.6\include\msvc\wx\setup.h(142,10): error C1083: Cannot open include file: '../../../lib/vc14x_lib/mswud/wx/setup.h': No such file or directory
  (compiling source file '../src/pdfdocument.cpp')
  
  pdfencoding.cpp
C:\wx-3.2.6\include\msvc\wx\setup.h(142,10): error C1083: Cannot open include file: '../../../lib/vc14x_lib/mswud/wx/setup.h': No such file or directory
  (compiling source file '../src/pdfencoding.cpp')
  
  pdfencrypt.cpp
C:\wx-3.2.6\include\msvc\wx\setup.h(142,10): error C1083: Cannot open include file: '../../../lib/vc14x_lib/mswud/wx/setup.h': No such file or directory
  (compiling source file '../src/pdfencrypt.cpp')
  
  pdffont.cpp
C:\wx-3.2.6\include\msvc\wx\setup.h(142,10): error C1083: Cannot open include file: '../../../lib/vc14x_lib/mswud/wx/setup.h': No such file or directory
  (compiling source file '../src/pdffont.cpp')
  
  pdffontdata.cpp
C:\wx-3.2.6\include\msvc\wx\setup.h(142,10): error C1083: Cannot open include file: '../../../lib/vc14x_lib/mswud/wx/setup.h': No such file or directory
  (compiling source file '../src/pdffontdata.cpp')
  
  pdffontdatacore.cpp
C:\wx-3.2.6\include\msvc\wx\setup.h(142,10): error C1083: Cannot open include file: '../../../lib/vc14x_lib/mswud/wx/setup.h': No such file or directory
  (compiling source file '../src/pdffontdatacore.cpp')
  
  Generating Code...
  Compiling...
  pdffontdataopentype.cpp
C:\wx-3.2.6\include\msvc\wx\setup.h(142,10): error C1083: Cannot open include file: '../../../lib/vc14x_lib/mswud/wx/setup.h': No such file or directory
  (compiling source file '../src/pdffontdataopentype.cpp')
  
  pdffontdatatruetype.cpp
C:\wx-3.2.6\include\msvc\wx\setup.h(142,10): error C1083: Cannot open include file: '../../../lib/vc14x_lib/mswud/wx/setup.h': No such file or directory
  (compiling source file '../src/pdffontdatatruetype.cpp')
  
  pdffontdatatype0.cpp
C:\wx-3.2.6\include\msvc\wx\setup.h(142,10): error C1083: Cannot open include file: '../../../lib/vc14x_lib/mswud/wx/setup.h': No such file or directory
  (compiling source file '../src/pdffontdatatype0.cpp')
  
  pdffontdatatype1.cpp
C:\wx-3.2.6\include\msvc\wx\setup.h(142,10): error C1083: Cannot open include file: '../../../lib/vc14x_lib/mswud/wx/setup.h': No such file or directory
  (compiling source file '../src/pdffontdatatype1.cpp')
  
  pdffontdescription.cpp
C:\wx-3.2.6\include\msvc\wx\setup.h(142,10): error C1083: Cannot open include file: '../../../lib/vc14x_lib/mswud/wx/setup.h': No such file or directory
  (compiling source file '../src/pdffontdescription.cpp')
  
  pdffontdetails.cpp
C:\wx-3.2.6\include\msvc\wx\setup.h(142,10): error C1083: Cannot open include file: '../../../lib/vc14x_lib/mswud/wx/setup.h': No such file or directory
  (compiling source file '../src/pdffontdetails.cpp')
  
  pdffontextended.cpp
C:\wx-3.2.6\include\msvc\wx\setup.h(142,10): error C1083: Cannot open include file: '../../../lib/vc14x_lib/mswud/wx/setup.h': No such file or directory
  (compiling source file '../src/pdffontextended.cpp')
  
  pdffontmanager.cpp
C:\wx-3.2.6\include\msvc\wx\setup.h(142,10): error C1083: Cannot open include file: '../../../lib/vc14x_lib/mswud/wx/setup.h': No such file or directory
  (compiling source file '../src/pdffontmanager.cpp')
  
  pdffontparser.cpp
C:\wx-3.2.6\include\msvc\wx\setup.h(142,10): error C1083: Cannot open include file: '../../../lib/vc14x_lib/mswud/wx/setup.h': No such file or directory
  (compiling source file '../src/pdffontparser.cpp')
  
  pdffontparsertruetype.cpp
C:\wx-3.2.6\include\msvc\wx\setup.h(142,10): error C1083: Cannot open include file: '../../../lib/vc14x_lib/mswud/wx/setup.h': No such file or directory
  (compiling source file '../src/pdffontparsertruetype.cpp')
  
  pdffontparsertype1.cpp
C:\wx-3.2.6\include\msvc\wx\setup.h(142,10): error C1083: Cannot open include file: '../../../lib/vc14x_lib/mswud/wx/setup.h': No such file or directory
  (compiling source file '../src/pdffontparsertype1.cpp')
  
  pdffontsubsetcff.cpp
C:\wx-3.2.6\include\msvc\wx\setup.h(142,10): error C1083: Cannot open include file: '../../../lib/vc14x_lib/mswud/wx/setup.h': No such file or directory
  (compiling source file '../src/pdffontsubsetcff.cpp')
  
  pdffontsubsettruetype.cpp
C:\wx-3.2.6\include\msvc\wx\setup.h(142,10): error C1083: Cannot open include file: '../../../lib/vc14x_lib/mswud/wx/setup.h': No such file or directory
  (compiling source file '../src/pdffontsubsettruetype.cpp')
  
  pdffontvolt.cpp
C:\wx-3.2.6\include\msvc\wx\setup.h(142,10): error C1083: Cannot open include file: '../../../lib/vc14x_lib/mswud/wx/setup.h': No such file or directory
  (compiling source file '../src/pdffontvolt.cpp')
  
  pdfform.cpp
C:\wx-3.2.6\include\msvc\wx\setup.h(142,10): error C1083: Cannot open include file: '../../../lib/vc14x_lib/mswud/wx/setup.h': No such file or directory
  (compiling source file '../src/pdfform.cpp')
  
  pdfgradient.cpp
C:\wx-3.2.6\include\msvc\wx\setup.h(142,10): error C1083: Cannot open include file: '../../../lib/vc14x_lib/mswud/wx/setup.h': No such file or directory
  (compiling source file '../src/pdfgradient.cpp')
  
  pdfgraphics.cpp
C:\wx-3.2.6\include\msvc\wx\setup.h(142,10): error C1083: Cannot open include file: '../../../lib/vc14x_lib/mswud/wx/setup.h': No such file or directory
  (compiling source file '../src/pdfgraphics.cpp')
  
  pdfimage.cpp
C:\wx-3.2.6\include\msvc\wx\setup.h(142,10): error C1083: Cannot open include file: '../../../lib/vc14x_lib/mswud/wx/setup.h': No such file or directory
  (compiling source file '../src/pdfimage.cpp')
  
  pdfkernel.cpp
C:\wx-3.2.6\include\msvc\wx\setup.h(142,10): error C1083: Cannot open include file: '../../../lib/vc14x_lib/mswud/wx/setup.h': No such file or directory
  (compiling source file '../src/pdfkernel.cpp')
  
  pdflayer.cpp
C:\wx-3.2.6\include\msvc\wx\setup.h(142,10): error C1083: Cannot open include file: '../../../lib/vc14x_lib/mswud/wx/setup.h': No such file or directory
  (compiling source file '../src/pdflayer.cpp')
  
  Generating Code...
  Compiling...
  pdfobjects.cpp
C:\wx-3.2.6\include\msvc\wx\setup.h(142,10): error C1083: Cannot open include file: '../../../lib/vc14x_lib/mswud/wx/setup.h': No such file or directory
  (compiling source file '../src/pdfobjects.cpp')
  
  pdfocg.cpp
C:\wx-3.2.6\include\msvc\wx\setup.h(142,10): error C1083: Cannot open include file: '../../../lib/vc14x_lib/mswud/wx/setup.h': No such file or directory
  (compiling source file '../src/pdfocg.cpp')
  
  pdfparser.cpp
C:\wx-3.2.6\include\msvc\wx\setup.h(142,10): error C1083: Cannot open include file: '../../../lib/vc14x_lib/mswud/wx/setup.h': No such file or directory
  (compiling source file '../src/pdfparser.cpp')
  
  pdfpattern.cpp
C:\wx-3.2.6\include\msvc\wx\setup.h(142,10): error C1083: Cannot open include file: '../../../lib/vc14x_lib/mswud/wx/setup.h': No such file or directory
  (compiling source file '../src/pdfpattern.cpp')
  
  pdfprint.cpp
C:\wx-3.2.6\include\msvc\wx\setup.h(142,10): error C1083: Cannot open include file: '../../../lib/vc14x_lib/mswud/wx/setup.h': No such file or directory
  (compiling source file '../src/pdfprint.cpp')
  
  pdfrijndael.cpp
C:\wx-3.2.6\include\msvc\wx\setup.h(142,10): error C1083: Cannot open include file: '../../../lib/vc14x_lib/mswud/wx/setup.h': No such file or directory
  (compiling source file '../src/pdfrijndael.cpp')
  
  pdftemplate.cpp
C:\wx-3.2.6\include\msvc\wx\setup.h(142,10): error C1083: Cannot open include file: '../../../lib/vc14x_lib/mswud/wx/setup.h': No such file or directory
  (compiling source file '../src/pdftemplate.cpp')
  
  pdfutility.cpp
C:\wx-3.2.6\include\msvc\wx\setup.h(142,10): error C1083: Cannot open include file: '../../../lib/vc14x_lib/mswud/wx/setup.h': No such file or directory
  (compiling source file '../src/pdfutility.cpp')
  
  pdfxml.cpp
C:\wx-3.2.6\include\msvc\wx\setup.h(142,10): error C1083: Cannot open include file: '../../../lib/vc14x_lib/mswud/wx/setup.h': No such file or directory
  (compiling source file '../src/pdfxml.cpp')
  
  woff2converter.cpp
C:\wx-3.2.6\include\msvc\wx\setup.h(142,10): error C1083: Cannot open include file: '../../../lib/vc14x_lib/mswud/wx/setup.h': No such file or directory
  (compiling source file '../src/woff/woff2converter.cpp')
  
  woffconverter.cpp
C:\wx-3.2.6\include\msvc\wx\setup.h(142,10): error C1083: Cannot open include file: '../../../lib/vc14x_lib/mswud/wx/setup.h': No such file or directory
  (compiling source file '../src/woff/woffconverter.cpp')
  
  Generating Code...
