  constants.c
  context.c
  dictionary.c
  platform.c
  shared_dictionary.c
  transform.c
  bit_reader.c
  decode.c
  huffman.c
  state.c
  Generating Code...
  table_tags.cc
  variable_length.cc
  woff2_common.cc
  woff2_dec.cc
C:\0\thirdparty\woff2\src\woff2_dec.cc(280,25): warning C4267: '=': conversion from 'size_t' to 'int', possible loss of data
C:\0\thirdparty\woff2\src\woff2_dec.cc(289,25): warning C4267: '=': conversion from 'size_t' to 'int', possible loss of data
C:\0\thirdparty\woff2\src\woff2_dec.cc(368,22): warning C4267: 'initializing': conversion from 'size_t' to 'uint32_t', possible loss of data
C:\0\thirdparty\woff2\src\woff2_dec.cc(645,34): warning C4267: '=': conversion from 'size_t' to '_Ty', possible loss of data
C:\0\thirdparty\woff2\src\woff2_dec.cc(645,34): warning C4267:         with
C:\0\thirdparty\woff2\src\woff2_dec.cc(645,34): warning C4267:         [
C:\0\thirdparty\woff2\src\woff2_dec.cc(645,34): warning C4267:             _Ty=uint32_t
C:\0\thirdparty\woff2\src\woff2_dec.cc(645,34): warning C4267:         ]
C:\0\thirdparty\woff2\src\woff2_dec.cc(667,40): warning C4267: '=': conversion from 'size_t' to 'uint32_t', possible loss of data
C:\0\thirdparty\woff2\src\woff2_dec.cc(668,37): warning C4267: '=': conversion from 'size_t' to 'uint32_t', possible loss of data
C:\0\thirdparty\woff2\src\woff2_dec.cc(675,40): warning C4267: '=': conversion from 'size_t' to 'uint32_t', possible loss of data
C:\0\thirdparty\woff2\src\woff2_dec.cc(886,20): warning C4267: '=': conversion from 'size_t' to 'uint32_t', possible loss of data
C:\0\thirdparty\woff2\src\woff2_dec.cc(887,20): warning C4267: '=': conversion from 'size_t' to 'uint32_t', possible loss of data
C:\0\thirdparty\woff2\src\woff2_dec.cc(888,20): warning C4267: '=': conversion from 'size_t' to 'uint32_t', possible loss of data
C:\0\thirdparty\woff2\src\woff2_dec.cc(889,20): warning C4267: '=': conversion from 'size_t' to 'uint32_t', possible loss of data
C:\0\thirdparty\woff2\src\woff2_dec.cc(898,73): warning C4267: 'argument': conversion from 'size_t' to 'uint32_t', possible loss of data
C:\0\thirdparty\woff2\src\woff2_dec.cc(995,28): warning C4267: '=': conversion from 'size_t' to 'uint32_t', possible loss of data
C:\0\thirdparty\woff2\src\woff2_dec.cc(1004,30): warning C4267: '=': conversion from 'size_t' to 'uint32_t', possible loss of data
C:\0\thirdparty\woff2\src\woff2_dec.cc(1015,30): warning C4267: '=': conversion from 'size_t' to 'uint32_t', possible loss of data
C:\0\thirdparty\woff2\src\woff2_dec.cc(1286,58): warning C4267: 'argument': conversion from 'size_t' to 'uint32_t', possible loss of data
C:\0\thirdparty\woff2\src\woff2_dec.cc(1305,53): warning C4267: 'argument': conversion from 'size_t' to 'uint32_t', possible loss of data
C:\0\thirdparty\woff2\src\woff2_dec.cc(1308,29): warning C4267: '=': conversion from 'size_t' to 'uint32_t', possible loss of data
C:\0\thirdparty\woff2\src\woff2_dec.cc(1310,60): warning C4267: 'argument': conversion from 'size_t' to 'uint16_t', possible loss of data
C:\0\thirdparty\woff2\src\woff2_dec.cc(1314,59): warning C4267: '=': conversion from 'size_t' to 'unsigned int', possible loss of data
C:\0\thirdparty\woff2\src\woff2_dec.cc(1315,42): warning C4267: 'argument': conversion from 'size_t' to 'uint32_t', possible loss of data
C:\0\thirdparty\woff2\src\woff2_dec.cc(1325,74): warning C4267: '=': conversion from 'size_t' to 'unsigned int', possible loss of data
C:\0\thirdparty\woff2\src\woff2_dec.cc(1326,40): warning C4267: 'argument': conversion from 'size_t' to 'uint32_t', possible loss of data
  woff2_out.cc
  Generating Code...
  libwoff2_vc17.vcxproj -> C:\0\build\lib\vc17\Win64\Debug\libwoff2.lib
