  2of5.c
  2of5inter.c
  2of5inter_based.c
  auspost.c
  aztec.c
  bc412.c
  bmp.c
  channel.c
  codabar.c
  codablock.c
  code.c
  code1.c
  code11.c
  code128.c
  code128_based.c
  code16k.c
  code49.c
  common.c
  composite.c
  dllversion.c
  Generating Code...
  Compiling...
  dmatrix.c
  dotcode.c
  dxfilmedge.c
  eci.c
  emf.c
  filemem.c
  general_field.c
  gif.c
  gridmtx.c
  gs1.c
  hanxin.c
  imail.c
  large.c
  library.c
  mailmark.c
  maxicode.c
  medical.c
  output.c
  pcx.c
  pdf417.c
  Generating Code...
  Compiling...
  plessey.c
  png.c
  postal.c
  ps.c
  qr.c
  raster.c
  reedsol.c
  rss.c
  svg.c
  telepen.c
  tif.c
  ultra.c
  upcean.c
  vector.c
  Generating Code...
  libzint_vc17.vcxproj -> C:\0\build\lib\vc17\Win64\Debug\libzint.lib
