  attachment.cpp
C:\wx-3.2.6\include\msvc\wx\setup.h(142,10): error C1083: Cannot open include file: '../../../lib/vc14x_lib/mswud/wx/setup.h': No such file or directory
  (compiling source file '../samples/minimal/attachment.cpp')
  
  barcodes.cpp
C:\wx-3.2.6\include\msvc\wx\setup.h(142,10): error C1083: Cannot open include file: '../../../lib/vc14x_lib/mswud/wx/setup.h': No such file or directory
  (compiling source file '../samples/minimal/barcodes.cpp')
  
  bookmark.cpp
C:\wx-3.2.6\include\msvc\wx\setup.h(142,10): error C1083: Cannot open include file: '../../../lib/vc14x_lib/mswud/wx/setup.h': No such file or directory
  (compiling source file '../samples/minimal/bookmark.cpp')
  
  charting.cpp
C:\wx-3.2.6\include\msvc\wx\setup.h(142,10): error C1083: Cannot open include file: '../../../lib/vc14x_lib/mswud/wx/setup.h': No such file or directory
  (compiling source file '../samples/minimal/charting.cpp')
  
  cjktest.cpp
C:\wx-3.2.6\include\msvc\wx\setup.h(142,10): error C1083: Cannot open include file: '../../../lib/vc14x_lib/mswud/wx/setup.h': No such file or directory
  (compiling source file '../samples/minimal/cjktest.cpp')
  
  clipping.cpp
C:\wx-3.2.6\include\msvc\wx\setup.h(142,10): error C1083: Cannot open include file: '../../../lib/vc14x_lib/mswud/wx/setup.h': No such file or directory
  (compiling source file '../samples/minimal/clipping.cpp')
  
  drawing.cpp
C:\wx-3.2.6\include\msvc\wx\setup.h(142,10): error C1083: Cannot open include file: '../../../lib/vc14x_lib/mswud/wx/setup.h': No such file or directory
  (compiling source file '../samples/minimal/drawing.cpp')
  
  glyphwriting.cpp
C:\wx-3.2.6\include\msvc\wx\setup.h(142,10): error C1083: Cannot open include file: '../../../lib/vc14x_lib/mswud/wx/setup.h': No such file or directory
  (compiling source file '../samples/minimal/glyphwriting.cpp')
  
  gradients.cpp
C:\wx-3.2.6\include\msvc\wx\setup.h(142,10): error C1083: Cannot open include file: '../../../lib/vc14x_lib/mswud/wx/setup.h': No such file or directory
  (compiling source file '../samples/minimal/gradients.cpp')
  
  indicfonts.cpp
C:\wx-3.2.6\include\msvc\wx\setup.h(142,10): error C1083: Cannot open include file: '../../../lib/vc14x_lib/mswud/wx/setup.h': No such file or directory
  (compiling source file '../samples/minimal/indicfonts.cpp')
  
  jsform.cpp
C:\wx-3.2.6\include\msvc\wx\setup.h(142,10): error C1083: Cannot open include file: '../../../lib/vc14x_lib/mswud/wx/setup.h': No such file or directory
  (compiling source file '../samples/minimal/jsform.cpp')
  
  kerning.cpp
C:\wx-3.2.6\include\msvc\wx\setup.h(142,10): error C1083: Cannot open include file: '../../../lib/vc14x_lib/mswud/wx/setup.h': No such file or directory
  (compiling source file '../samples/minimal/kerning.cpp')
  
  labels.cpp
C:\wx-3.2.6\include\msvc\wx\setup.h(142,10): error C1083: Cannot open include file: '../../../lib/vc14x_lib/mswud/wx/setup.h': No such file or directory
  (compiling source file '../samples/minimal/labels.cpp')
  
  layers.cpp
C:\wx-3.2.6\include\msvc\wx\setup.h(142,10): error C1083: Cannot open include file: '../../../lib/vc14x_lib/mswud/wx/setup.h': No such file or directory
  (compiling source file '../samples/minimal/layers.cpp')
  
  minimal.cpp
C:\wx-3.2.6\include\msvc\wx\setup.h(142,10): error C1083: Cannot open include file: '../../../lib/vc14x_lib/mswud/wx/setup.h': No such file or directory
  (compiling source file '../samples/minimal/minimal.cpp')
  
  protection.cpp
C:\wx-3.2.6\include\msvc\wx\setup.h(142,10): error C1083: Cannot open include file: '../../../lib/vc14x_lib/mswud/wx/setup.h': No such file or directory
  (compiling source file '../samples/minimal/protection.cpp')
  
  rotation.cpp
C:\wx-3.2.6\include\msvc\wx\setup.h(142,10): error C1083: Cannot open include file: '../../../lib/vc14x_lib/mswud/wx/setup.h': No such file or directory
  (compiling source file '../samples/minimal/rotation.cpp')
  
  templates.cpp
C:\wx-3.2.6\include\msvc\wx\setup.h(142,10): error C1083: Cannot open include file: '../../../lib/vc14x_lib/mswud/wx/setup.h': No such file or directory
  (compiling source file '../samples/minimal/templates.cpp')
  
  transformation.cpp
C:\wx-3.2.6\include\msvc\wx\setup.h(142,10): error C1083: Cannot open include file: '../../../lib/vc14x_lib/mswud/wx/setup.h': No such file or directory
  (compiling source file '../samples/minimal/transformation.cpp')
  
  transparency.cpp
C:\wx-3.2.6\include\msvc\wx\setup.h(142,10): error C1083: Cannot open include file: '../../../lib/vc14x_lib/mswud/wx/setup.h': No such file or directory
  (compiling source file '../samples/minimal/transparency.cpp')
  
  Generating Code...
  Compiling...
  tutorial1.cpp
C:\wx-3.2.6\include\msvc\wx\setup.h(142,10): error C1083: Cannot open include file: '../../../lib/vc14x_lib/mswud/wx/setup.h': No such file or directory
  (compiling source file '../samples/minimal/tutorial1.cpp')
  
  tutorial2.cpp
C:\wx-3.2.6\include\msvc\wx\setup.h(142,10): error C1083: Cannot open include file: '../../../lib/vc14x_lib/mswud/wx/setup.h': No such file or directory
  (compiling source file '../samples/minimal/tutorial2.cpp')
  
  tutorial3.cpp
C:\wx-3.2.6\include\msvc\wx\setup.h(142,10): error C1083: Cannot open include file: '../../../lib/vc14x_lib/mswud/wx/setup.h': No such file or directory
  (compiling source file '../samples/minimal/tutorial3.cpp')
  
  tutorial4.cpp
C:\wx-3.2.6\include\msvc\wx\setup.h(142,10): error C1083: Cannot open include file: '../../../lib/vc14x_lib/mswud/wx/setup.h': No such file or directory
  (compiling source file '../samples/minimal/tutorial4.cpp')
  
  tutorial5.cpp
C:\wx-3.2.6\include\msvc\wx\setup.h(142,10): error C1083: Cannot open include file: '../../../lib/vc14x_lib/mswud/wx/setup.h': No such file or directory
  (compiling source file '../samples/minimal/tutorial5.cpp')
  
  tutorial6.cpp
C:\wx-3.2.6\include\msvc\wx\setup.h(142,10): error C1083: Cannot open include file: '../../../lib/vc14x_lib/mswud/wx/setup.h': No such file or directory
  (compiling source file '../samples/minimal/tutorial6.cpp')
  
  tutorial7.cpp
C:\wx-3.2.6\include\msvc\wx\setup.h(142,10): error C1083: Cannot open include file: '../../../lib/vc14x_lib/mswud/wx/setup.h': No such file or directory
  (compiling source file '../samples/minimal/tutorial7.cpp')
  
  wmf.cpp
C:\wx-3.2.6\include\msvc\wx\setup.h(142,10): error C1083: Cannot open include file: '../../../lib/vc14x_lib/mswud/wx/setup.h': No such file or directory
  (compiling source file '../samples/minimal/wmf.cpp')
  
  xmlwrite.cpp
C:\wx-3.2.6\include\msvc\wx\setup.h(142,10): error C1083: Cannot open include file: '../../../lib/vc14x_lib/mswud/wx/setup.h': No such file or directory
  (compiling source file '../samples/minimal/xmlwrite.cpp')
  
  Generating Code...
